<?xml version="1.0" encoding="UTF-8"?>
<!-- Generated by org.testng.reporters.JUnitReportReporter -->
<testsuite skipped="0" hostname="LAPTOP-2D0MJJ4C" name="restassuredTests.Test1_Get_Request" tests="1" failures="0" timestamp="2022-02-06T21:08:05 IST" time="5.391" errors="0">
  <testcase name="getUserDetails" time="5.391" classname="restassuredTests.Test1_Get_Request"/>
  <system-out/>
</testsuite> <!-- restassuredTests.Test1_Get_Request -->
